<?xml version="1.0" encoding="UTF-8"?>
<testsuite xmlns:xsi="http://www.w3.org/2001/XMLSchema-instance" xsi:noNamespaceSchemaLocation="https://maven.apache.org/surefire/maven-surefire-plugin/xsd/surefire-test-report-3.0.xsd" version="3.0" name="com.example.multitenantservice.ApplicationSmokeTest" time="6.441" tests="1" errors="0" skipped="0" failures="0">
  <properties>
[...]
</properties>
  <testcase name="contextLoads" classname="com.example.multitenantservice.ApplicationSmokeTest" time="0.949">
    <system-out><![CDATA[
  .   ____          _            __ _ _
 /\\ / ___'_ __ _ _(_)_ __  __ _ \ \ \ \
( ( )\___ | '_ | '_| | '_ \/ _` | \ \ \ \
 \\/  ___)| |_)| | | | | || (_| |  ) ) ) )
  '  |____| .__|_| |_|_| |_\__, | / / / /
 =========|_|==============|___/=/_/_/_/
 :: Spring Boot ::                (v3.1.5)

2026-01-08T10:06:58.887Z  INFO 4910 --- [           main] c.e.m.ApplicationSmokeTest               : Starting ApplicationSmokeTest using Java 21.0.8 with PID 4910 (started by jules in /app)
2026-01-08T10:06:58.891Z  INFO 4910 --- [           main] c.e.m.ApplicationSmokeTest               : No active profile set, falling back to 1 default profile: "default"
2026-01-08T10:07:00.154Z  INFO 4910 --- [           main] .s.d.r.c.RepositoryConfigurationDelegate : Bootstrapping Spring Data JPA repositories in DEFAULT mode.
2026-01-08T10:07:00.175Z  INFO 4910 --- [           main] .s.d.r.c.RepositoryConfigurationDelegate : Finished Spring Data repository scanning in 13 ms. Found 0 JPA repository interfaces.
2026-01-08T10:07:00.837Z  INFO 4910 --- [           main] o.f.c.internal.license.VersionPrinter    : Flyway Community Edition 9.16.3 by Redgate
2026-01-08T10:07:00.837Z  INFO 4910 --- [           main] o.f.c.internal.license.VersionPrinter    : See release notes here: https://rd.gt/416ObMi
2026-01-08T10:07:00.837Z  INFO 4910 --- [           main] o.f.c.internal.license.VersionPrinter    :
2026-01-08T10:07:00.851Z  INFO 4910 --- [           main] com.zaxxer.hikari.HikariDataSource       : HikariPool-1 - Starting...
2026-01-08T10:07:01.154Z  INFO 4910 --- [           main] com.zaxxer.hikari.pool.HikariPool        : HikariPool-1 - Added connection conn0: url=jdbc:h2:mem:testdb user=SA
2026-01-08T10:07:01.160Z  INFO 4910 --- [           main] com.zaxxer.hikari.HikariDataSource       : HikariPool-1 - Start completed.
2026-01-08T10:07:01.187Z  INFO 4910 --- [           main] o.f.c.i.database.base.BaseDatabaseType   : Database: jdbc:h2:mem:testdb (H2 2.1)
2026-01-08T10:07:01.271Z  INFO 4910 --- [           main] o.f.c.i.s.JdbcTableSchemaHistory         : Schema history table "PUBLIC"."flyway_schema_history" does not exist yet
2026-01-08T10:07:01.274Z  INFO 4910 --- [           main] o.f.core.internal.command.DbValidate     : Successfully validated 0 migrations (execution time 00:00.008s)
2026-01-08T10:07:01.275Z  WARN 4910 --- [           main] o.f.core.internal.command.DbValidate     : No migrations found. Are your locations set up correctly?
2026-01-08T10:07:01.281Z  INFO 4910 --- [           main] o.f.c.i.s.JdbcTableSchemaHistory         : Creating Schema History table "PUBLIC"."flyway_schema_history" ...
2026-01-08T10:07:01.320Z  INFO 4910 --- [           main] o.f.core.internal.command.DbMigrate      : Current version of schema "PUBLIC": << Empty Schema >>
2026-01-08T10:07:01.322Z  INFO 4910 --- [           main] o.f.core.internal.command.DbMigrate      : Schema "PUBLIC" is up to date. No migration necessary.
2026-01-08T10:07:01.448Z  INFO 4910 --- [           main] o.hibernate.jpa.internal.util.LogHelper  : HHH000204: Processing PersistenceUnitInfo [name: default]
2026-01-08T10:07:01.501Z  INFO 4910 --- [           main] org.hibernate.Version                    : HHH000412: Hibernate ORM core version 6.2.13.Final
2026-01-08T10:07:01.504Z  INFO 4910 --- [           main] org.hibernate.cfg.Environment            : HHH000406: Using bytecode reflection optimizer
2026-01-08T10:07:01.772Z  INFO 4910 --- [           main] o.s.o.j.p.SpringPersistenceUnitInfo      : No LoadTimeWeaver setup: ignoring JPA class transformer
2026-01-08T10:07:01.813Z  WARN 4910 --- [           main] org.hibernate.orm.deprecation            : HHH90000025: H2Dialect does not need to be specified explicitly using 'hibernate.dialect' (remove the property setting and it will be selected by default)
2026-01-08T10:07:02.123Z  INFO 4910 --- [           main] o.h.e.t.j.p.i.JtaPlatformInitiator       : HHH000489: No JTA platform available (set 'hibernate.transaction.jta.platform' to enable JTA platform integration)
2026-01-08T10:07:02.130Z  INFO 4910 --- [           main] j.LocalContainerEntityManagerFactoryBean : Initialized JPA EntityManagerFactory for persistence unit 'default'
2026-01-08T10:07:02.292Z  WARN 4910 --- [           main] JpaBaseConfiguration$JpaWebConfiguration : spring.jpa.open-in-view is enabled by default. Therefore, database queries may be performed during view rendering. Explicitly configure spring.jpa.open-in-view to disable this warning
2026-01-08T10:07:03.005Z  WARN 4910 --- [           main] .s.s.UserDetailsServiceAutoConfiguration :

Using generated security password: 55d3d664-55f3-4bc1-9459-00bbad341f18

This generated password is for development use only. Your security configuration must be updated before running your application in production.

2026-01-08T10:07:03.170Z  INFO 4910 --- [           main] o.s.b.a.e.web.EndpointLinksResolver      : Exposing 1 endpoint(s) beneath base path '/actuator'
2026-01-08T10:07:03.195Z  INFO 4910 --- [           main] o.s.s.web.DefaultSecurityFilterChain     : Will secure any request with [org.springframework.security.web.session.DisableEncodeUrlFilter@23e297d9, org.springframework.security.web.context.request.async.WebAsyncManagerIntegrationFilter@5e8e02a3, org.springframework.security.web.context.SecurityContextHolderFilter@4a490518, org.springframework.security.web.header.HeaderWriterFilter@670aac24, org.springframework.web.filter.CorsFilter@a74c940, org.springframework.security.web.csrf.CsrfFilter@5bfdabf3, org.springframework.security.web.authentication.logout.LogoutFilter@6097f225, org.springframework.security.web.authentication.UsernamePasswordAuthenticationFilter@7bbe852a, org.springframework.security.web.authentication.ui.DefaultLoginPageGeneratingFilter@52fed5b7, org.springframework.security.web.authentication.ui.DefaultLogoutPageGeneratingFilter@66576bd2, org.springframework.security.web.authentication.www.BasicAuthenticationFilter@7091a016, org.springframework.security.web.savedrequest.RequestCacheAwareFilter@32ae11c9, org.springframework.security.web.servletapi.SecurityContextHolderAwareRequestFilter@294a12b5, org.springframework.security.web.authentication.AnonymousAuthenticationFilter@51bc649e, org.springframework.security.web.access.ExceptionTranslationFilter@17344d7, org.springframework.security.web.access.intercept.AuthorizationFilter@17a5ae7b]
2026-01-08T10:07:03.433Z  INFO 4910 --- [           main] c.e.m.ApplicationSmokeTest               : Started ApplicationSmokeTest in 4.84 seconds (process running for 5.899)
]]></system-out>
    <system-err><![CDATA[WARNING: A Java agent has been loaded dynamically (/home/jules/.m2/repository/net/bytebuddy/byte-buddy-agent/1.14.9/byte-buddy-agent-1.14.9.jar)
WARNING: If a serviceability tool is in use, please run with -XX:+EnableDynamicAgentLoading to hide this warning
WARNING: If a serviceability tool is not in use, please run with -Djdk.instrument.traceUsage for more information
WARNING: Dynamic loading of agents will be disallowed by default in a future release
]]></system-err>
  </testcase>
</testsuite>